[07-Aug-2022 01:46:27 UTC] PHP Warning:  PHP Startup: Unable to load dynamic library 'mbstring' (tried: /usr/local/lib/php/extensions/no-debug-non-zts-20200930/mbstring (/usr/local/lib/php/extensions/no-debug-non-zts-20200930/mbstring: cannot open shared object file: No such file or directory), /usr/local/lib/php/extensions/no-debug-non-zts-20200930/mbstring.so (/usr/local/lib/php/extensions/no-debug-non-zts-20200930/mbstring.so: cannot open shared object file: No such file or directory)) in Unknown on line 0
[07-Aug-2022 01:46:27 UTC] PHP Warning:  Module "mysqli" is already loaded in Unknown on line 0
[07-Aug-2022 01:46:27 UTC] PHP Warning:  PHP Startup: Unable to load dynamic library 'pdo_mysql' (tried: /usr/local/lib/php/extensions/no-debug-non-zts-20200930/pdo_mysql (/usr/local/lib/php/extensions/no-debug-non-zts-20200930/pdo_mysql: cannot open shared object file: No such file or directory), /usr/local/lib/php/extensions/no-debug-non-zts-20200930/pdo_mysql.so (/usr/local/lib/php/extensions/no-debug-non-zts-20200930/pdo_mysql.so: cannot open shared object file: No such file or directory)) in Unknown on line 0
[07-Aug-2022 01:46:27 UTC] PHP Warning:  Module "mysqli" is already loaded in Unknown on line 0
[07-Aug-2022 10:52:47 Asia/Tokyo] PHP Fatal error:  Uncaught Error: mysqli object is already closed in /var/www/study.localhost/online_bbs/bbs.php:73
Stack trace:
#0 /var/www/study.localhost/online_bbs/bbs.php(73): mysqli_query(Object(mysqli), 'select * from `...')
#1 {main}
  thrown in /var/www/study.localhost/online_bbs/bbs.php on line 73
[07-Aug-2022 10:57:50 Asia/Tokyo] PHP Fatal error:  Uncaught Error: Call to undefined function set_charset() in /var/www/study.localhost/online_bbs/bbs.php:4
Stack trace:
#0 {main}
  thrown in /var/www/study.localhost/online_bbs/bbs.php on line 4
[07-Aug-2022 10:58:35 Asia/Tokyo] PHP Fatal error:  Uncaught Error: mysqli object is already closed in /var/www/study.localhost/online_bbs/bbs.php:74
Stack trace:
#0 /var/www/study.localhost/online_bbs/bbs.php(74): mysqli_query(Object(mysqli), 'select * from `...')
#1 {main}
  thrown in /var/www/study.localhost/online_bbs/bbs.php on line 74
[07-Aug-2022 10:59:56 Asia/Tokyo] PHP Fatal error:  Uncaught Error: mysqli object is already closed in /var/www/study.localhost/online_bbs/bbs.php:75
Stack trace:
#0 /var/www/study.localhost/online_bbs/bbs.php(75): mysqli_query(Object(mysqli), 'select * from `...')
#1 {main}
  thrown in /var/www/study.localhost/online_bbs/bbs.php on line 75
[07-Aug-2022 11:10:29 Asia/Tokyo] PHP Fatal error:  Uncaught Error: mysqli object is already closed in /var/www/study.localhost/online_bbs/bbs.php:85
Stack trace:
#0 /var/www/study.localhost/online_bbs/bbs.php(85): mysqli_query(Object(mysqli), 'select * from `...')
#1 {main}
  thrown in /var/www/study.localhost/online_bbs/bbs.php on line 85
[07-Aug-2022 11:13:40 Asia/Tokyo] PHP Fatal error:  Uncaught Error: mysqli object is already closed in /var/www/study.localhost/online_bbs/bbs.php:43
Stack trace:
#0 /var/www/study.localhost/online_bbs/bbs.php(43): mysqli_query(Object(mysqli), 'select * from `...')
#1 {main}
  thrown in /var/www/study.localhost/online_bbs/bbs.php on line 43
[07-Aug-2022 11:27:33 Asia/Tokyo] PHP Warning:  include(view/bbs_view.php): Failed to open stream: No such file or directory in /var/www/study.localhost/online_bbs/bbs.php on line 53
[07-Aug-2022 11:27:33 Asia/Tokyo] PHP Warning:  include(): Failed opening 'view/bbs_view.php' for inclusion (include_path='.:/usr/local/lib/php') in /var/www/study.localhost/online_bbs/bbs.php on line 53
[07-Aug-2022 11:28:16 Asia/Tokyo] PHP Fatal error:  Uncaught Error: mysqli object is already closed in /var/www/study.localhost/online_bbs/bbs.php:43
Stack trace:
#0 /var/www/study.localhost/online_bbs/bbs.php(43): mysqli_query(Object(mysqli), 'select * from `...')
#1 {main}
  thrown in /var/www/study.localhost/online_bbs/bbs.php on line 43
[07-Aug-2022 11:28:30 Asia/Tokyo] PHP Fatal error:  Uncaught Error: mysqli object is already closed in /var/www/study.localhost/online_bbs/bbs.php:43
Stack trace:
#0 /var/www/study.localhost/online_bbs/bbs.php(43): mysqli_query(Object(mysqli), 'select * from `...')
#1 {main}
  thrown in /var/www/study.localhost/online_bbs/bbs.php on line 43
